SF:lib/domain/usecases/watchlist.dart
DA:9,1
DA:11,1
DA:12,2
LF:3
LH:3
end_of_record
SF:lib/data/models/genre_model.dart
DA:5,28
DA:13,6
DA:14,3
DA:15,3
DA:18,2
DA:19,1
DA:20,1
DA:23,3
DA:24,9
DA:27,3
DA:28,9
LF:11
LH:11
end_of_record
SF:lib/data/models/movie_detail_model.dart
DA:6,27
DA:52,2
DA:53,2
DA:54,2
DA:55,2
DA:56,2
DA:57,2
DA:58,8
DA:59,2
DA:60,2
DA:61,2
DA:62,2
DA:63,2
DA:64,2
DA:65,4
DA:66,2
DA:67,2
DA:68,2
DA:69,2
DA:70,2
DA:71,2
DA:72,2
DA:73,2
DA:74,4
DA:75,2
DA:78,2
DA:79,1
DA:80,1
DA:81,1
DA:82,5
DA:83,1
DA:84,1
DA:85,1
DA:86,1
DA:87,1
DA:88,1
DA:89,1
DA:90,1
DA:91,1
DA:92,1
DA:93,1
DA:94,1
DA:95,1
DA:96,1
DA:97,1
DA:98,1
DA:99,1
DA:102,2
DA:103,2
DA:104,2
DA:105,2
DA:106,10
DA:107,2
DA:108,2
DA:109,2
DA:110,2
DA:111,2
DA:112,2
DA:113,2
DA:114,2
DA:115,2
DA:119,2
DA:120,2
DA:121,2
DA:122,2
DA:123,2
DA:124,2
DA:125,2
DA:126,2
DA:127,2
DA:128,2
DA:129,2
DA:130,2
DA:131,2
DA:132,2
DA:133,2
DA:134,2
DA:135,2
DA:136,2
DA:137,2
DA:138,2
DA:139,2
DA:140,2
DA:141,2
LF:84
LH:84
end_of_record
SF:lib/data/models/movie_model.dart
DA:5,27
DA:35,4
DA:36,2
DA:37,2
DA:38,8
DA:39,2
DA:40,2
DA:41,2
DA:42,4
DA:43,2
DA:44,2
DA:45,2
DA:46,2
DA:47,4
DA:48,2
DA:51,2
DA:52,1
DA:53,1
DA:54,4
DA:55,1
DA:56,1
DA:57,1
DA:58,1
DA:59,1
DA:60,1
DA:61,1
DA:62,1
DA:63,1
DA:64,1
DA:67,2
DA:68,2
DA:69,2
DA:70,2
DA:71,2
DA:72,2
DA:73,2
DA:74,2
DA:75,2
DA:76,2
DA:77,2
DA:78,2
DA:79,2
DA:80,2
DA:81,2
DA:85,2
DA:86,2
DA:87,2
DA:88,2
DA:89,2
DA:90,2
DA:91,2
DA:92,2
DA:93,2
DA:94,2
DA:95,2
DA:96,2
DA:97,2
DA:98,2
DA:99,2
LF:59
LH:59
end_of_record
SF:lib/data/models/movie_response.dart
DA:7,26
DA:9,4
DA:10,2
DA:11,8
DA:14,2
DA:15,5
DA:18,1
DA:19,2
LF:8
LH:8
end_of_record
SF:lib/data/models/tv_detail_model.dart
DA:6,26
DA:34,4
DA:35,2
DA:36,2
DA:37,2
DA:38,8
DA:39,2
DA:40,2
DA:41,2
DA:42,2
DA:43,2
DA:44,4
DA:45,2
DA:46,4
DA:47,2
DA:50,2
DA:51,1
DA:52,1
DA:53,5
DA:54,1
DA:55,1
DA:56,1
DA:57,1
DA:58,1
DA:59,1
DA:60,1
DA:61,1
DA:62,1
DA:65,2
DA:66,2
DA:67,2
DA:68,2
DA:69,10
DA:70,2
DA:71,2
DA:72,2
DA:73,2
DA:74,2
DA:75,2
DA:76,2
DA:77,2
DA:78,2
DA:82,2
DA:83,2
DA:84,2
DA:85,2
DA:86,2
DA:87,2
DA:88,2
DA:89,2
DA:90,2
DA:91,2
DA:92,2
DA:93,2
DA:94,2
DA:95,2
LF:56
LH:56
end_of_record
SF:lib/data/models/tv_model.dart
DA:5,26
DA:31,4
DA:32,2
DA:33,8
DA:34,2
DA:35,2
DA:36,2
DA:37,4
DA:38,2
DA:39,2
DA:40,2
DA:41,4
DA:42,2
DA:45,2
DA:46,1
DA:47,4
DA:48,1
DA:49,1
DA:50,1
DA:51,1
DA:52,1
DA:53,1
DA:54,1
DA:55,1
DA:56,1
DA:59,2
DA:60,2
DA:61,2
DA:62,2
DA:63,2
DA:64,2
DA:65,2
DA:66,2
DA:67,2
DA:68,2
DA:69,2
DA:70,2
DA:71,2
DA:75,2
DA:76,2
DA:77,2
DA:78,2
DA:79,2
DA:80,2
DA:81,2
DA:82,2
DA:83,2
DA:84,2
DA:85,2
DA:86,2
DA:87,2
LF:51
LH:51
end_of_record
SF:lib/data/models/tv_response.dart
DA:7,26
DA:9,4
DA:10,2
DA:11,8
DA:14,2
DA:15,5
DA:18,1
DA:19,2
LF:8
LH:8
end_of_record
SF:lib/data/models/watchlist_model.dart
DA:11,26
DA:19,2
DA:20,1
DA:21,1
DA:22,1
DA:23,1
DA:24,1
DA:27,4
DA:28,2
DA:29,2
DA:30,2
DA:31,2
DA:32,2
DA:35,2
DA:36,1
DA:37,1
DA:38,1
DA:39,1
DA:40,1
DA:43,4
DA:44,2
DA:45,2
DA:46,2
DA:47,2
DA:48,4
DA:51,2
DA:52,2
DA:53,2
DA:54,2
DA:55,2
DA:56,2
DA:57,2
LF:32
LH:32
end_of_record
SF:lib/domain/entities/genre.dart
DA:4,27
DA:12,5
DA:13,15
LF:3
LH:3
end_of_record
SF:lib/domain/entities/movie.dart
DA:4,27
DA:33,7
DA:34,7
DA:35,7
DA:36,7
DA:37,7
DA:38,7
DA:39,7
DA:40,7
DA:41,7
DA:42,7
DA:43,7
DA:44,7
DA:45,7
DA:46,7
DA:47,7
LF:16
LH:16
end_of_record
SF:lib/domain/entities/movie_detail.dart
DA:5,26
DA:33,3
DA:34,3
DA:35,3
DA:36,3
DA:37,3
DA:38,3
DA:39,3
DA:40,3
DA:41,3
DA:42,3
DA:43,3
DA:44,3
DA:45,3
LF:14
LH:14
end_of_record
SF:lib/domain/entities/tv.dart
DA:4,26
DA:30,7
DA:31,7
DA:32,7
DA:33,7
DA:34,7
DA:35,7
DA:36,7
DA:37,7
DA:38,7
DA:39,7
DA:40,7
DA:41,7
DA:42,7
LF:14
LH:14
end_of_record
SF:lib/domain/entities/tv_detail.dart
DA:5,26
DA:33,3
DA:34,3
DA:35,3
DA:36,3
DA:37,3
DA:38,3
DA:39,3
DA:40,3
DA:41,3
DA:42,3
DA:43,3
DA:44,3
DA:45,3
LF:14
LH:14
end_of_record
SF:lib/domain/entities/watchlist.dart
DA:10,26
DA:18,3
DA:19,3
DA:20,3
DA:21,3
DA:22,3
DA:23,3
DA:24,3
LF:8
LH:8
end_of_record
SF:lib/common/failure.dart
DA:6,19
DA:8,1
DA:9,2
DA:13,17
DA:17,4
DA:21,4
LF:6
LH:6
end_of_record
SF:lib/data/services/database_service.dart
DA:8,0
DA:12,0
DA:16,0
DA:18,0
DA:19,0
DA:21,0
DA:22,0
DA:23,0
DA:30,0
DA:31,0
DA:32,0
DA:39,0
DA:42,0
DA:43,0
DA:44,0
DA:47,0
DA:48,0
DA:49,0
DA:51,0
DA:54,0
DA:55,0
DA:57,0
DA:58,0
DA:60,0
DA:63,0
DA:66,0
DA:67,0
DA:69,0
DA:70,0
DA:72,0
LF:30
LH:0
end_of_record
SF:lib/data/sources/movie_remote_data_source.dart
DA:15,1
DA:16,0
DA:18,1
DA:20,5
DA:22,2
DA:23,4
DA:25,1
DA:29,1
DA:31,5
DA:33,2
DA:34,3
DA:36,1
DA:40,1
DA:41,2
DA:42,3
DA:44,2
DA:45,4
DA:47,1
DA:51,1
DA:53,5
DA:55,2
DA:56,4
DA:58,1
DA:62,1
DA:64,5
DA:66,2
DA:67,4
DA:69,1
DA:73,1
DA:74,2
DA:75,3
DA:77,2
DA:78,4
DA:80,1
LF:34
LH:33
end_of_record
SF:lib/data/sources/tv_remote_data_source.dart
DA:15,1
DA:17,1
DA:19,5
DA:20,2
DA:21,4
DA:23,1
DA:27,1
DA:28,5
DA:30,2
DA:31,3
DA:33,1
DA:37,1
DA:38,2
DA:39,3
DA:41,2
DA:42,4
DA:44,1
DA:48,1
DA:50,5
DA:52,2
DA:53,4
DA:55,1
DA:59,1
DA:61,5
DA:63,2
DA:64,4
DA:66,1
DA:70,1
DA:71,2
DA:72,3
DA:74,2
DA:75,4
DA:77,1
LF:33
LH:33
end_of_record
SF:lib/data/sources/watchlist_local_data_source.dart
DA:14,1
DA:17,1
DA:18,3
DA:22,1
DA:23,3
DA:27,1
DA:28,3
DA:32,1
DA:33,3
LF:9
LH:9
end_of_record
SF:lib/domain/usecases/detail.dart
DA:17,1
DA:23,1
DA:24,2
DA:27,1
DA:28,2
DA:31,1
DA:32,2
DA:35,1
DA:36,2
DA:39,1
DA:40,2
DA:43,1
DA:44,2
DA:47,1
DA:48,2
LF:15
LH:15
end_of_record
SF:lib/domain/usecases/movie.dart
DA:9,1
DA:11,1
DA:12,2
DA:15,1
DA:16,2
DA:19,1
DA:20,2
LF:7
LH:7
end_of_record
SF:lib/domain/usecases/search.dart
DA:12,1
DA:17,1
DA:18,2
DA:21,1
DA:22,2
LF:5
LH:5
end_of_record
SF:lib/domain/usecases/tv.dart
DA:9,1
DA:11,1
DA:12,2
DA:15,1
DA:16,2
DA:19,1
DA:20,2
LF:7
LH:7
end_of_record
SF:lib/common/exception.dart
DA:6,1
LF:1
LH:1
end_of_record
SF:lib/data/repositories/movie_repository_impl.dart
DA:14,1
DA:19,1
DA:21,3
DA:22,2
DA:23,1
DA:25,1
DA:31,1
DA:33,3
DA:34,5
DA:35,1
DA:37,1
DA:43,1
DA:45,3
DA:46,5
DA:47,1
DA:49,1
DA:55,1
DA:57,3
DA:58,3
DA:59,1
DA:61,1
DA:67,1
DA:69,3
DA:70,5
DA:71,1
DA:73,1
DA:79,1
DA:81,3
DA:82,5
DA:83,1
DA:85,1
LF:31
LH:31
end_of_record
SF:lib/data/repositories/tv_repository_impl.dart
DA:14,1
DA:19,1
DA:21,3
DA:22,2
DA:23,1
DA:25,1
DA:31,1
DA:33,3
DA:34,5
DA:35,1
DA:37,1
DA:43,1
DA:45,3
DA:46,5
DA:47,1
DA:49,1
DA:55,1
DA:57,3
DA:58,5
DA:59,1
DA:61,1
DA:67,1
DA:69,3
DA:70,5
DA:71,1
DA:73,1
DA:79,1
DA:81,3
DA:82,5
DA:83,1
DA:85,1
LF:31
LH:31
end_of_record
SF:lib/data/repositories/watchlist_repository_impl.dart
DA:12,1
DA:15,1
DA:17,3
DA:18,5
DA:19,0
DA:20,0
DA:25,1
DA:27,2
DA:28,2
DA:30,1
DA:31,3
DA:36,1
DA:38,2
DA:39,2
DA:41,1
DA:42,3
DA:47,1
DA:49,3
DA:50,1
DA:51,0
DA:52,0
LF:21
LH:17
end_of_record
SF:lib/presentation/blocs/watchlist/watchlist_event.dart
DA:4,1
DA:6,0
DA:7,0
DA:11,1
DA:17,1
DA:19,0
DA:20,0
DA:27,1
DA:29,0
DA:30,0
DA:36,1
DA:38,0
DA:39,0
LF:13
LH:5
end_of_record
SF:lib/presentation/blocs/watchlist/watchlist_state.dart
DA:4,3
DA:6,1
DA:7,1
DA:17,2
DA:19,1
DA:20,2
DA:26,2
DA:28,1
DA:29,2
DA:35,1
DA:37,0
DA:38,0
DA:44,2
DA:46,1
DA:47,2
DA:53,2
DA:55,1
DA:56,2
LF:18
LH:16
end_of_record
SF:lib/presentation/blocs/watchlist/watchlist_bloc.dart
DA:14,1
DA:17,2
DA:18,1
DA:19,1
DA:20,2
DA:22,3
DA:23,1
DA:24,4
DA:25,2
DA:26,2
DA:27,0
DA:32,1
DA:33,1
DA:34,1
DA:35,1
DA:37,2
DA:39,3
DA:40,1
DA:41,0
DA:42,3
DA:47,1
DA:48,1
DA:49,1
DA:51,2
DA:53,3
DA:54,1
DA:55,4
DA:56,3
DA:61,1
DA:62,1
DA:63,1
DA:65,2
DA:67,3
DA:68,1
DA:69,4
DA:70,3
LF:36
LH:34
end_of_record
SF:lib/presentation/blocs/movie_detail/movie_detail_state.dart
DA:4,3
DA:6,1
DA:7,1
DA:17,2
DA:19,1
DA:20,2
DA:26,3
DA:28,1
DA:29,2
LF:9
LH:9
end_of_record
SF:lib/presentation/blocs/movie_detail/movie_detail_event.dart
DA:4,1
DA:6,0
DA:7,0
DA:13,1
DA:15,0
DA:16,0
LF:6
LH:2
end_of_record
SF:lib/presentation/blocs/movie_detail/movie_detail_bloc.dart
DA:11,1
DA:13,2
DA:14,1
DA:15,1
DA:16,1
DA:18,2
DA:20,3
DA:21,1
DA:22,4
DA:23,3
DA:24,2
DA:25,0
LF:12
LH:11
end_of_record
SF:lib/presentation/blocs/movie_popular/popular_state.dart
DA:4,3
DA:6,1
DA:7,1
DA:17,1
DA:19,1
DA:20,2
DA:26,3
DA:28,1
DA:29,2
LF:9
LH:9
end_of_record
SF:lib/presentation/blocs/movie_popular/popular_event.dart
DA:4,1
DA:6,0
DA:7,0
DA:11,1
LF:4
LH:2
end_of_record
SF:lib/presentation/blocs/movie_popular/popular_bloc.dart
DA:12,3
DA:13,2
DA:14,2
DA:16,3
DA:17,1
DA:18,4
DA:19,2
DA:20,2
DA:21,0
LF:9
LH:8
end_of_record
SF:lib/presentation/blocs/movie_search/movie_search_state.dart
DA:4,3
DA:6,1
DA:7,1
DA:17,1
DA:21,1
DA:22,2
DA:26,3
DA:30,1
DA:31,2
LF:9
LH:9
end_of_record
SF:lib/presentation/blocs/movie_search/movie_search_event.dart
DA:4,1
DA:6,0
DA:7,0
DA:15,1
DA:17,0
DA:18,0
LF:6
LH:2
end_of_record
SF:lib/presentation/blocs/movie_search/movie_search_bloc.dart
DA:12,1
DA:13,3
DA:18,3
DA:19,3
DA:22,1
DA:26,1
DA:28,1
DA:30,2
DA:32,3
DA:34,1
DA:35,4
DA:36,2
DA:37,2
DA:38,0
LF:14
LH:13
end_of_record
SF:lib/presentation/blocs/movie_top_rated/movie_top_rated_state.dart
DA:4,3
DA:6,1
DA:7,1
DA:17,1
DA:19,1
DA:20,2
DA:26,3
DA:28,1
DA:29,2
LF:9
LH:9
end_of_record
SF:lib/presentation/blocs/movie_top_rated/movie_top_rated_bloc.dart
DA:12,3
DA:13,2
DA:14,2
DA:16,3
DA:17,1
DA:18,4
DA:19,2
DA:20,2
DA:21,0
LF:9
LH:8
end_of_record
SF:lib/presentation/blocs/movie_top_rated/movie_top_rated_event.dart
DA:4,1
DA:6,0
DA:7,0
DA:11,1
LF:4
LH:2
end_of_record
SF:lib/presentation/blocs/movie_on_playing/movie_on_playing_bloc.dart
DA:13,3
DA:14,2
DA:15,2
DA:17,3
DA:18,1
DA:19,4
DA:20,2
DA:21,2
DA:22,0
LF:9
LH:8
end_of_record
SF:lib/presentation/blocs/movie_on_playing/movie_on_playing_state.dart
DA:4,3
DA:6,1
DA:7,1
DA:17,1
DA:19,1
DA:20,2
DA:26,3
DA:28,1
DA:29,2
LF:9
LH:9
end_of_record
SF:lib/presentation/blocs/movie_on_playing/movie_on_playing_event.dart
DA:4,1
DA:6,0
DA:7,0
DA:11,1
LF:4
LH:2
end_of_record
SF:lib/presentation/blocs/movie_recommendation/movie_recommendation_state.dart
DA:4,3
DA:6,1
DA:7,1
DA:17,1
DA:19,1
DA:20,2
DA:26,3
DA:28,1
DA:29,2
LF:9
LH:9
end_of_record
SF:lib/presentation/blocs/movie_recommendation/movie_recommendation_event.dart
DA:4,1
DA:6,0
DA:7,0
DA:13,1
DA:15,0
DA:16,0
LF:6
LH:2
end_of_record
SF:lib/presentation/blocs/movie_recommendation/movie_recommendation_bloc.dart
DA:12,1
DA:13,2
DA:14,2
DA:15,1
DA:17,2
DA:19,3
DA:20,1
DA:21,4
DA:22,2
DA:23,2
DA:24,0
LF:11
LH:10
end_of_record
SF:lib/presentation/blocs/tv_on_the_air/tv_on_the_air_event.dart
DA:4,1
DA:6,0
DA:7,0
DA:11,1
LF:4
LH:2
end_of_record
SF:lib/presentation/blocs/tv_on_the_air/tv_on_the_air_state.dart
DA:4,3
DA:6,1
DA:7,1
DA:17,1
DA:19,1
DA:20,2
DA:26,3
DA:28,1
DA:29,2
LF:9
LH:9
end_of_record
SF:lib/presentation/blocs/tv_on_the_air/tv_on_the_air_bloc.dart
DA:12,3
DA:13,2
DA:14,2
DA:16,3
DA:17,1
DA:18,4
DA:19,2
DA:20,2
DA:21,0
LF:9
LH:8
end_of_record
SF:lib/presentation/blocs/tv_detail/tv_detail_event.dart
DA:4,1
DA:6,0
DA:7,0
DA:13,1
DA:15,0
DA:16,0
LF:6
LH:2
end_of_record
SF:lib/presentation/blocs/tv_detail/tv_detail_state.dart
DA:4,3
DA:6,1
DA:7,1
DA:17,2
DA:19,1
DA:20,2
DA:26,3
DA:28,1
DA:29,2
LF:9
LH:9
end_of_record
SF:lib/presentation/blocs/tv_detail/tv_detail_bloc.dart
DA:11,1
DA:13,2
DA:14,1
DA:15,1
DA:16,1
DA:18,2
DA:20,3
DA:21,1
DA:22,4
DA:23,3
DA:24,2
DA:25,0
LF:12
LH:11
end_of_record
SF:lib/presentation/blocs/tv_popular/tv_popular_bloc.dart
DA:12,3
DA:13,2
DA:14,2
DA:16,3
DA:17,1
DA:18,4
DA:19,2
DA:20,2
DA:21,0
LF:9
LH:8
end_of_record
SF:lib/presentation/blocs/tv_popular/tv_popular_state.dart
DA:4,3
DA:6,1
DA:7,1
DA:17,1
DA:19,1
DA:20,2
DA:26,3
DA:28,1
DA:29,2
LF:9
LH:9
end_of_record
SF:lib/presentation/blocs/tv_popular/tv_popular_event.dart
DA:4,1
DA:6,0
DA:7,0
DA:11,1
LF:4
LH:2
end_of_record
SF:lib/presentation/blocs/tv_recommendation/tv_recommendation_event.dart
DA:4,1
DA:6,0
DA:7,0
DA:13,1
DA:15,0
DA:16,0
LF:6
LH:2
end_of_record
SF:lib/presentation/blocs/tv_recommendation/tv_recommendation_state.dart
DA:4,3
DA:6,1
DA:7,1
DA:17,1
DA:19,1
DA:20,2
DA:26,3
DA:28,1
DA:29,2
LF:9
LH:9
end_of_record
SF:lib/presentation/blocs/tv_recommendation/tv_recommendation_bloc.dart
DA:12,1
DA:13,2
DA:14,2
DA:15,1
DA:17,2
DA:19,3
DA:20,1
DA:21,4
DA:22,2
DA:23,2
DA:24,0
LF:11
LH:10
end_of_record
SF:lib/presentation/blocs/tv_search/tv_search_state.dart
DA:4,3
DA:6,1
DA:7,1
DA:17,1
DA:21,1
DA:22,2
DA:26,3
DA:30,1
DA:31,2
LF:9
LH:9
end_of_record
SF:lib/presentation/blocs/tv_search/tv_search_bloc.dart
DA:12,1
DA:13,3
DA:18,3
DA:19,3
DA:22,1
DA:26,1
DA:28,1
DA:30,2
DA:32,3
DA:34,1
DA:35,4
DA:36,2
DA:37,2
DA:38,0
LF:14
LH:13
end_of_record
SF:lib/presentation/blocs/tv_search/tv_search_event.dart
DA:4,1
DA:6,0
DA:7,0
DA:15,1
DA:17,0
DA:18,0
LF:6
LH:2
end_of_record
SF:lib/presentation/blocs/tv_top_rated/tv_top_rated_event.dart
DA:4,1
DA:6,0
DA:7,0
DA:11,1
LF:4
LH:2
end_of_record
SF:lib/presentation/blocs/tv_top_rated/tv_top_rated_state.dart
DA:4,3
DA:6,1
DA:7,1
DA:17,1
DA:19,1
DA:20,2
DA:26,3
DA:28,1
DA:29,2
LF:9
LH:9
end_of_record
SF:lib/presentation/blocs/tv_top_rated/tv_top_rated_bloc.dart
DA:12,3
DA:13,2
DA:14,2
DA:16,3
DA:17,1
DA:18,4
DA:19,2
DA:20,2
DA:21,0
LF:9
LH:8
end_of_record
